<?xml version="1.0" encoding="UTF-8"?>
<!-- Generated by org.testng.reporters.JUnitReportReporter -->
<testsuite hostname="DESKTOP-MUI9NI6" failures="0" tests="2" name="qaclickacademy.RESTAPITest" time="0.023" errors="0" timestamp="2021-01-06T21:16:54 EST" skipped="0">
  <testcase classname="qaclickacademy.RESTAPITest" name="deleteTwitter" time="0.016"/>
  <system-out/>
  <testcase classname="qaclickacademy.RESTAPITest" name="postJira" time="0.007"/>
  <system-out/>
</testsuite> <!-- qaclickacademy.RESTAPITest -->
