<?xml version="1.0" encoding="UTF-8"?>
<!-- Generated by org.testng.reporters.JUnitReportReporter -->
<testsuite hostname="DESKTOP-MUI9NI6" failures="0" tests="2" name="qaclickacademy.SeleniumTest" time="0.001" errors="0" timestamp="2020-12-22T20:44:53 EST" skipped="0">
  <testcase classname="qaclickacademy.SeleniumTest" name="BrowserAutomation" time="0.000"/>
  <system-out/>
  <testcase classname="qaclickacademy.SeleniumTest" name="elementsUi" time="0.001"/>
  <system-out/>
</testsuite> <!-- qaclickacademy.SeleniumTest -->
